<?xml version="1.0" encoding="UTF-8"?>
<testsuite name="PostTracker.PostalTrackerControllerTest" tests="4" skipped="0" failures="0" errors="0" timestamp="2022-06-22T17:04:15" hostname="PC" time="0.324">
  <properties/>
  <testcase name="changeStatus_success()" classname="PostTracker.PostalTrackerControllerTest" time="0.141"/>
  <testcase name="getTracking_success()" classname="PostTracker.PostalTrackerControllerTest" time="0.07"/>
  <testcase name="registerPostalItem_success()" classname="PostTracker.PostalTrackerControllerTest" time="0.077"/>
  <testcase name="registerPostalItem_notExistsStatusId()" classname="PostTracker.PostalTrackerControllerTest" time="0.019"/>
  <system-out><![CDATA[2022-06-22 21:04:15.956  INFO 18154 --- [    Test worker] .b.t.c.SpringBootTestContextBootstrapper : Neither @ContextConfiguration nor @ContextHierarchy found for test class [PostTracker.PostalTrackerControllerTest], using SpringBootContextLoader
2022-06-22 21:04:15.957  INFO 18154 --- [    Test worker] o.s.t.c.support.AbstractContextLoader    : Could not detect default resource locations for test class [PostTracker.PostalTrackerControllerTest]: no resource found for suffixes {-context.xml, Context.groovy}.
2022-06-22 21:04:15.957  INFO 18154 --- [    Test worker] t.c.s.AnnotationConfigContextLoaderUtils : Could not detect default configuration classes for test class [PostTracker.PostalTrackerControllerTest]: PostalTrackerControllerTest does not declare any static, non-private, non-final, nested classes annotated with @Configuration.
2022-06-22 21:04:15.960  INFO 18154 --- [    Test worker] .b.t.c.SpringBootTestContextBootstrapper : Found @SpringBootConfiguration PostTracker.App for test class PostTracker.PostalTrackerControllerTest
2022-06-22 21:04:15.963  INFO 18154 --- [    Test worker] .b.t.c.SpringBootTestContextBootstrapper : Loaded default TestExecutionListener class names from location [META-INF/spring.factories]: [org.springframework.boot.test.autoconfigure.restdocs.RestDocsTestExecutionListener, org.springframework.boot.test.autoconfigure.web.client.MockRestServiceServerResetTestExecutionListener, org.springframework.boot.test.autoconfigure.web.servlet.MockMvcPrintOnlyOnFailureTestExecutionListener, org.springframework.boot.test.autoconfigure.web.servlet.WebDriverTestExecutionListener, org.springframework.boot.test.autoconfigure.webservices.client.MockWebServiceServerTestExecutionListener, org.springframework.boot.test.mock.mockito.MockitoTestExecutionListener, org.springframework.boot.test.mock.mockito.ResetMocksTestExecutionListener, org.springframework.test.context.web.ServletTestExecutionListener, org.springframework.test.context.support.DirtiesContextBeforeModesTestExecutionListener, org.springframework.test.context.event.ApplicationEventsTestExecutionListener, org.springframework.test.context.support.DependencyInjectionTestExecutionListener, org.springframework.test.context.support.DirtiesContextTestExecutionListener, org.springframework.test.context.transaction.TransactionalTestExecutionListener, org.springframework.test.context.jdbc.SqlScriptsTestExecutionListener, org.springframework.test.context.event.EventPublishingTestExecutionListener]
2022-06-22 21:04:15.963  INFO 18154 --- [    Test worker] .b.t.c.SpringBootTestContextBootstrapper : Using TestExecutionListeners: [org.springframework.test.context.web.ServletTestExecutionListener@46cb9794, org.springframework.test.context.support.DirtiesContextBeforeModesTestExecutionListener@44252e9b, org.springframework.test.context.event.ApplicationEventsTestExecutionListener@7f88c53, org.springframework.boot.test.mock.mockito.MockitoTestExecutionListener@788a7567, org.springframework.boot.test.autoconfigure.SpringBootDependencyInjectionTestExecutionListener@62672ad5, org.springframework.test.context.support.DirtiesContextTestExecutionListener@f5b81f4, org.springframework.test.context.transaction.TransactionalTestExecutionListener@4c020e58, org.springframework.test.context.jdbc.SqlScriptsTestExecutionListener@67887bf2, org.springframework.test.context.event.EventPublishingTestExecutionListener@3ce2c454, org.springframework.boot.test.autoconfigure.restdocs.RestDocsTestExecutionListener@6f65b61d, org.springframework.boot.test.autoconfigure.web.client.MockRestServiceServerResetTestExecutionListener@33c91567, org.springframework.boot.test.autoconfigure.web.servlet.MockMvcPrintOnlyOnFailureTestExecutionListener@17baaf07, org.springframework.boot.test.autoconfigure.web.servlet.WebDriverTestExecutionListener@3d5009c0, org.springframework.boot.test.autoconfigure.webservices.client.MockWebServiceServerTestExecutionListener@7f478529, org.springframework.boot.test.mock.mockito.ResetMocksTestExecutionListener@45ed58b]
2022-06-22 21:04:15.981  INFO 18154 --- [    Test worker] o.s.mock.web.MockServletContext          : Initializing Spring TestDispatcherServlet ''
2022-06-22 21:04:15.981  INFO 18154 --- [    Test worker] o.s.t.web.servlet.TestDispatcherServlet  : Initializing Servlet ''
2022-06-22 21:04:15.981  INFO 18154 --- [    Test worker] o.s.t.web.servlet.TestDispatcherServlet  : Completed initialization in 0 ms
]]></system-out>
  <system-err><![CDATA[]]></system-err>
</testsuite>
